NAnt 0.86 (Build 0.86.2898.0; beta1; 12/8/2007)
Copyright (C) 2001-2007 Gerry Shaw
http://nant.sourceforge.net

Buildfile: file:///D:/SourceCode/OpenSource/GitStuff/nhibernate.burrow-custom/default.build
Target framework: Microsoft .NET Framework 2.0
Target(s) specified: clean build 

   [script] Scanning assembly "x8smm9kh" for extensions.

set-project-configuration:


set-release-project-configuration:


common.init:


init:


clean:


prepare-build-directory:

    [mkdir] Creating directory 'D:\SourceCode\OpenSource\GitStuff\nhibernate.burrow-custom\build\NHibernate.Burrow-1.1.0.Alpha1\bin\net-2.0'.

copy-referenced-assemblies:

     [copy] Copying 5 files to 'D:\SourceCode\OpenSource\GitStuff\nhibernate.burrow-custom\build\NHibernate.Burrow-1.1.0.Alpha1\bin\net-2.0'.
     [copy] Copying 20 files to 'D:\SourceCode\OpenSource\GitStuff\nhibernate.burrow-custom\build\NHibernate.Burrow-1.1.0.Alpha1\bin\net-2.0'.

build:

     [nant] D:\SourceCode\OpenSource\GitStuff\nhibernate.burrow-custom\src\NHibernate.Burrow\default.build build
            Buildfile: file:///D:/SourceCode/OpenSource/GitStuff/nhibernate.burrow-custom/src/NHibernate.Burrow/default.build
            Target framework: Microsoft .NET Framework 2.0
            Target(s) specified: build 
            
            
            set-project-configuration:
            
            
            set-release-project-configuration:
            
            
            common.init:
            
            
            init:
            
            
            common.set-assembly-attribute-values:
            
            
            common.generate-assemblyinfo:
            
              [asminfo] Generated file 'D:\SourceCode\OpenSource\GitStuff\nhibernate.burrow-custom\src\NHibernate.Burrow\AssemblyInfo.cs'.
            
            generate-assemblyinfo:
            
            
            common.compile-dll:
            
                  [csc] Compiling 56 files to 'D:\SourceCode\OpenSource\GitStuff\nhibernate.burrow-custom\build\NHibernate.Burrow-1.1.0.Alpha1\bin\net-2.0\NHibernate.Burrow.dll'.
                  [csc] d:\SourceCode\OpenSource\GitStuff\nhibernate.burrow-custom\src\NHibernate.Burrow\Util\EntityLoader.cs(53,10): warning CS0168: The variable 'e' is declared but never used
                  [csc] d:\SourceCode\OpenSource\GitStuff\nhibernate.burrow-custom\src\NHibernate.Burrow\BurrowFramework.cs(138,48): warning CS1580: Invalid type for parameter '1' in XML comment cref attribute: 'Type'
                  [csc] d:\SourceCode\OpenSource\GitStuff\nhibernate.burrow-custom\src\NHibernate.Burrow\BurrowFramework.cs(138,48): warning CS1574: XML comment on 'NHibernate.Burrow.BurrowFramework.GetSession(string)' has cref attribute 'GetSession(Type)' that could not be resolved
                  [csc] d:\SourceCode\OpenSource\GitStuff\nhibernate.burrow-custom\src\NHibernate.Burrow\BurrowFramework.cs(165,48): warning CS1580: Invalid type for parameter '1' in XML comment cref attribute: 'Type'
                  [csc] d:\SourceCode\OpenSource\GitStuff\nhibernate.burrow-custom\src\NHibernate.Burrow\BurrowFramework.cs(165,48): warning CS1574: XML comment on 'NHibernate.Burrow.BurrowFramework.GetSessionFactory(string)' has cref attribute 'GetSessionFactory(Type)' that could not be resolved
            
            build:
            
            
            BUILD SUCCEEDED
            
            Total time: 2.4 seconds.
            
     [nant] D:\SourceCode\OpenSource\GitStuff\nhibernate.burrow-custom\src\NHibernate.Burrow.AppBlock\default.build build
            Buildfile: file:///D:/SourceCode/OpenSource/GitStuff/nhibernate.burrow-custom/src/NHibernate.Burrow.AppBlock/default.build
            Target framework: Microsoft .NET Framework 2.0
            Target(s) specified: build 
            
            
            set-project-configuration:
            
            
            set-release-project-configuration:
            
            
            common.init:
            
            
            init:
            
            
            common.set-assembly-attribute-values:
            
            
            common.generate-assemblyinfo:
            
              [asminfo] Generated file 'D:\SourceCode\OpenSource\GitStuff\nhibernate.burrow-custom\src\NHibernate.Burrow.AppBlock\AssemblyInfo.cs'.
            
            generate-assemblyinfo:
            
            
            common.compile-dll:
            
                  [csc] Compiling 37 files to 'D:\SourceCode\OpenSource\GitStuff\nhibernate.burrow-custom\build\NHibernate.Burrow-1.1.0.Alpha1\bin\net-2.0\NHibernate.Burrow.AppBlock.dll'.
